2013-11-12 12:58:09,939 ERROR [AWT-EventQueue-0] - System.err - Exception in thread "AWT-EventQueue-0"
2013-11-12 12:58:09,940 ERROR [AWT-EventQueue-0] - System.err - java.lang.NullPointerException
2013-11-12 12:58:09,940 ERROR [AWT-EventQueue-0] - System.err - at org.eclipse.ui.internal.handlers.SelectAllHandler.getMethodToExecute(SelectAllHandler.java:187)
2013-11-12 12:58:09,940 ERROR [AWT-EventQueue-0] - System.err - at org.eclipse.ui.internal.handlers.WidgetMethodHandler.isHandled(WidgetMethodHandler.java:238)
2013-11-12 12:58:09,940 ERROR [AWT-EventQueue-0] - System.err - at org.eclipse.ui.internal.handlers.HandlerProxy.isHandled(HandlerProxy.java:328)
2013-11-12 12:58:09,940 ERROR [AWT-EventQueue-0] - System.err - at org.eclipse.ui.internal.handlers.E4HandlerProxy.isHandled(E4HandlerProxy.java:186)
2013-11-12 12:58:09,941 ERROR [AWT-EventQueue-0] - System.err - at org.eclipse.e4.core.commands.internal.HandlerServiceHandler.isHandled(HandlerServiceHandler.java:142)
2013-11-12 12:58:09,941 ERROR [AWT-EventQueue-0] - System.err - at org.eclipse.core.commands.Command.isHandled(Command.java:902)
2013-11-12 12:58:09,941 ERROR [AWT-EventQueue-0] - System.err - at org.eclipse.ui.internal.handlers.LegacyHandlerService.registerLegacyHandler(LegacyHandlerService.java:153)
2013-11-12 12:58:09,941 ERROR [AWT-EventQueue-0] - System.err - at org.eclipse.ui.internal.handlers.LegacyHandlerService.activateHandler(LegacyHandlerService.java:309)
2013-11-12 12:58:09,941 ERROR [AWT-EventQueue-0] - System.err - at org.eclipse.ui.internal.handlers.LegacyHandlerService.activateHandler(LegacyHandlerService.java:290)
2013-11-12 12:58:09,941 ERROR [AWT-EventQueue-0] - System.err - at org.eclipse.ui.SubActionBars.setGlobalActionHandler(SubActionBars.java:555)
2013-11-12 12:58:09,941 ERROR [AWT-EventQueue-0] - System.err - at com.baselet.plugin.editor.Contributor.setGlobalActionHandlers(Contributor.java:226)
2013-11-12 12:58:09,942 ERROR [AWT-EventQueue-0] - System.err - at com.baselet.gui.eclipse.EclipseGUI.setPaneFocused(EclipseGUI.java:253)
2013-11-12 12:58:09,942 ERROR [AWT-EventQueue-0] - System.err - at com.baselet.gui.eclipse.TextPaneFocusListener.focusGained(TextPaneFocusListener.java:16)
2013-11-12 12:58:09,942 ERROR [AWT-EventQueue-0] - System.err - at java.awt.AWTEventMulticaster.focusGained(AWTEventMulticaster.java:220)
2013-11-12 12:58:09,942 ERROR [AWT-EventQueue-0] - System.err - at java.awt.Component.processFocusEvent(Component.java:6394)
2013-11-12 12:58:09,942 ERROR [AWT-EventQueue-0] - System.err - at java.awt.Component.processEvent(Component.java:6261)
2013-11-12 12:58:09,942 ERROR [AWT-EventQueue-0] - System.err - at java.awt.Container.processEvent(Container.java:2229)
2013-11-12 12:58:09,942 ERROR [AWT-EventQueue-0] - System.err - at java.awt.Component.dispatchEventImpl(Component.java:4861)
2013-11-12 12:58:09,943 ERROR [AWT-EventQueue-0] - System.err - at java.awt.Container.dispatchEventImpl(Container.java:2287)
2013-11-12 12:58:09,943 ERROR [AWT-EventQueue-0] - System.err - at java.awt.Component.dispatchEvent(Component.java:4687)
2013-11-12 12:58:09,943 ERROR [AWT-EventQueue-0] - System.err - at java.awt.KeyboardFocusManager.redispatchEvent(KeyboardFocusManager.java:1895)
2013-11-12 12:58:09,943 ERROR [AWT-EventQueue-0] - System.err - at java.awt.DefaultKeyboardFocusManager.typeAheadAssertions(DefaultKeyboardFocusManager.java:938)
2013-11-12 12:58:09,943 ERROR [AWT-EventQueue-0] - System.err - at java.awt.DefaultKeyboardFocusManager.dispatchEvent(DefaultKeyboardFocusManager.java:570)
2013-11-12 12:58:09,943 ERROR [AWT-EventQueue-0] - System.err - at java.awt.Component.dispatchEventImpl(Component.java:4731)
2013-11-12 12:58:09,943 ERROR [AWT-EventQueue-0] - System.err - at java.awt.Container.dispatchEventImpl(Container.java:2287)
2013-11-12 12:58:09,944 ERROR [AWT-EventQueue-0] - System.err - at java.awt.Component.dispatchEvent(Component.java:4687)
2013-11-12 12:58:09,944 ERROR [AWT-EventQueue-0] - System.err - at java.awt.EventQueue.dispatchEventImpl(EventQueue.java:735)
2013-11-12 12:58:09,944 ERROR [AWT-EventQueue-0] - System.err - at java.awt.EventQueue.access$200(EventQueue.java:103)
2013-11-12 12:58:09,944 ERROR [AWT-EventQueue-0] - System.err - at java.awt.EventQueue$3.run(EventQueue.java:694)
2013-11-12 12:58:09,944 ERROR [AWT-EventQueue-0] - System.err - at java.awt.EventQueue$3.run(EventQueue.java:692)
2013-11-12 12:58:09,944 ERROR [AWT-EventQueue-0] - System.err - at java.security.AccessController.doPrivileged(Native Method)
2013-11-12 12:58:09,944 ERROR [AWT-EventQueue-0] - System.err - at java.security.ProtectionDomain$1.doIntersectionPrivilege(ProtectionDomain.java:76)
2013-11-12 12:58:09,945 ERROR [AWT-EventQueue-0] - System.err - at java.security.ProtectionDomain$1.doIntersectionPrivilege(ProtectionDomain.java:87)
2013-11-12 12:58:09,945 ERROR [AWT-EventQueue-0] - System.err - at java.awt.EventQueue$4.run(EventQueue.java:708)
2013-11-12 12:58:09,945 ERROR [AWT-EventQueue-0] - System.err - at java.awt.EventQueue$4.run(EventQueue.java:706)
2013-11-12 12:58:09,945 ERROR [AWT-EventQueue-0] - System.err - at java.security.AccessController.doPrivileged(Native Method)
2013-11-12 12:58:09,945 ERROR [AWT-EventQueue-0] - System.err - at java.security.ProtectionDomain$1.doIntersectionPrivilege(ProtectionDomain.java:76)
2013-11-12 12:58:09,945 ERROR [AWT-EventQueue-0] - System.err - at java.awt.EventQueue.dispatchEvent(EventQueue.java:705)
2013-11-12 12:58:09,945 ERROR [AWT-EventQueue-0] - System.err - at java.awt.EventDispatchThread.pumpOneEventForFilters(EventDispatchThread.java:242)
2013-11-12 12:58:09,946 ERROR [AWT-EventQueue-0] - System.err - at java.awt.EventDispatchThread.pumpEventsForFilter(EventDispatchThread.java:161)
2013-11-12 12:58:09,946 ERROR [AWT-EventQueue-0] - System.err - at java.awt.EventDispatchThread.pumpEventsForHierarchy(EventDispatchThread.java:150)
2013-11-12 12:58:09,946 ERROR [AWT-EventQueue-0] - System.err - at java.awt.EventDispatchThread.pumpEvents(EventDispatchThread.java:146)
2013-11-12 12:58:09,946 ERROR [AWT-EventQueue-0] - System.err - at java.awt.EventDispatchThread.pumpEvents(EventDispatchThread.java:138)
2013-11-12 12:58:09,946 ERROR [AWT-EventQueue-0] - System.err - at java.awt.EventDispatchThread.run(EventDispatchThread.java:91)
2013-11-12 12:58:20,294 ERROR [AWT-EventQueue-0] - System.err - Exception in thread "AWT-EventQueue-0"
2013-11-12 12:58:20,294 ERROR [AWT-EventQueue-0] - System.err - java.lang.NullPointerException
2013-11-12 12:58:20,295 ERROR [AWT-EventQueue-0] - System.err - at org.eclipse.ui.internal.handlers.SelectAllHandler.getMethodToExecute(SelectAllHandler.java:187)
2013-11-12 12:58:20,295 ERROR [AWT-EventQueue-0] - System.err - at org.eclipse.ui.internal.handlers.WidgetMethodHandler.isHandled(WidgetMethodHandler.java:238)
2013-11-12 12:58:20,295 ERROR [AWT-EventQueue-0] - System.err - at org.eclipse.ui.internal.handlers.HandlerProxy.isHandled(HandlerProxy.java:328)
2013-11-12 12:58:20,295 ERROR [AWT-EventQueue-0] - System.err - at org.eclipse.ui.internal.handlers.E4HandlerProxy.isHandled(E4HandlerProxy.java:186)
2013-11-12 12:58:20,295 ERROR [AWT-EventQueue-0] - System.err - at org.eclipse.e4.core.commands.internal.HandlerServiceHandler.isHandled(HandlerServiceHandler.java:142)
2013-11-12 12:58:20,295 ERROR [AWT-EventQueue-0] - System.err - at org.eclipse.core.commands.Command.isHandled(Command.java:902)
2013-11-12 12:58:20,295 ERROR [AWT-EventQueue-0] - System.err - at org.eclipse.ui.internal.handlers.LegacyHandlerService.registerLegacyHandler(LegacyHandlerService.java:153)
2013-11-12 12:58:20,295 ERROR [AWT-EventQueue-0] - System.err - at org.eclipse.ui.internal.handlers.LegacyHandlerService.activateHandler(LegacyHandlerService.java:309)
2013-11-12 12:58:20,295 ERROR [AWT-EventQueue-0] - System.err - at org.eclipse.ui.internal.handlers.LegacyHandlerService.activateHandler(LegacyHandlerService.java:290)
2013-11-12 12:58:20,296 ERROR [AWT-EventQueue-0] - System.err - at org.eclipse.ui.SubActionBars.setGlobalActionHandler(SubActionBars.java:555)
2013-11-12 12:58:20,296 ERROR [AWT-EventQueue-0] - System.err - at com.baselet.plugin.editor.Contributor.setGlobalActionHandlers(Contributor.java:210)
2013-11-12 12:58:20,296 ERROR [AWT-EventQueue-0] - System.err - at com.baselet.gui.eclipse.EclipseGUI.setPaneFocused(EclipseGUI.java:253)
2013-11-12 12:58:20,296 ERROR [AWT-EventQueue-0] - System.err - at com.baselet.gui.eclipse.TextPaneFocusListener.focusLost(TextPaneFocusListener.java:21)
2013-11-12 12:58:20,296 ERROR [AWT-EventQueue-0] - System.err - at java.awt.AWTEventMulticaster.focusLost(AWTEventMulticaster.java:230)
2013-11-12 12:58:20,296 ERROR [AWT-EventQueue-0] - System.err - at java.awt.Component.processFocusEvent(Component.java:6397)
2013-11-12 12:58:20,296 ERROR [AWT-EventQueue-0] - System.err - at java.awt.Component.processEvent(Component.java:6261)
2013-11-12 12:58:20,296 ERROR [AWT-EventQueue-0] - System.err - at java.awt.Container.processEvent(Container.java:2229)
2013-11-12 12:58:20,296 ERROR [AWT-EventQueue-0] - System.err - at java.awt.Component.dispatchEventImpl(Component.java:4861)
2013-11-12 12:58:20,296 ERROR [AWT-EventQueue-0] - System.err - at java.awt.Container.dispatchEventImpl(Container.java:2287)
2013-11-12 12:58:20,296 ERROR [AWT-EventQueue-0] - System.err - at java.awt.Component.dispatchEvent(Component.java:4687)
2013-11-12 12:58:20,296 ERROR [AWT-EventQueue-0] - System.err - at java.awt.KeyboardFocusManager.redispatchEvent(KeyboardFocusManager.java:1895)
2013-11-12 12:58:20,297 ERROR [AWT-EventQueue-0] - System.err - at java.awt.DefaultKeyboardFocusManager.typeAheadAssertions(DefaultKeyboardFocusManager.java:947)
2013-11-12 12:58:20,297 ERROR [AWT-EventQueue-0] - System.err - at java.awt.DefaultKeyboardFocusManager.dispatchEvent(DefaultKeyboardFocusManager.java:621)
2013-11-12 12:58:20,297 ERROR [AWT-EventQueue-0] - System.err - at java.awt.Component.dispatchEventImpl(Component.java:4731)
2013-11-12 12:58:20,297 ERROR [AWT-EventQueue-0] - System.err - at java.awt.Container.dispatchEventImpl(Container.java:2287)
2013-11-12 12:58:20,297 ERROR [AWT-EventQueue-0] - System.err - at java.awt.Component.dispatchEvent(Component.java:4687)
2013-11-12 12:58:20,297 ERROR [AWT-EventQueue-0] - System.err - at java.awt.EventQueue.dispatchEventImpl(EventQueue.java:735)
2013-11-12 12:58:20,297 ERROR [AWT-EventQueue-0] - System.err - at java.awt.EventQueue.access$200(EventQueue.java:103)
2013-11-12 12:58:20,297 ERROR [AWT-EventQueue-0] - System.err - at java.awt.EventQueue$3.run(EventQueue.java:694)
2013-11-12 12:58:20,297 ERROR [AWT-EventQueue-0] - System.err - at java.awt.EventQueue$3.run(EventQueue.java:692)
2013-11-12 12:58:20,297 ERROR [AWT-EventQueue-0] - System.err - at java.security.AccessController.doPrivileged(Native Method)
2013-11-12 12:58:20,297 ERROR [AWT-EventQueue-0] - System.err - at java.security.ProtectionDomain$1.doIntersectionPrivilege(ProtectionDomain.java:76)
2013-11-12 12:58:20,298 ERROR [AWT-EventQueue-0] - System.err - at java.security.ProtectionDomain$1.doIntersectionPrivilege(ProtectionDomain.java:87)
2013-11-12 12:58:20,298 ERROR [AWT-EventQueue-0] - System.err - at java.awt.EventQueue$4.run(EventQueue.java:708)
2013-11-12 12:58:20,298 ERROR [AWT-EventQueue-0] - System.err - at java.awt.EventQueue$4.run(EventQueue.java:706)
2013-11-12 12:58:20,298 ERROR [AWT-EventQueue-0] - System.err - at java.security.AccessController.doPrivileged(Native Method)
2013-11-12 12:58:20,298 ERROR [AWT-EventQueue-0] - System.err - at java.security.ProtectionDomain$1.doIntersectionPrivilege(ProtectionDomain.java:76)
2013-11-12 12:58:20,298 ERROR [AWT-EventQueue-0] - System.err - at java.awt.EventQueue.dispatchEvent(EventQueue.java:705)
2013-11-12 12:58:20,298 ERROR [AWT-EventQueue-0] - System.err - at java.awt.EventDispatchThread.pumpOneEventForFilters(EventDispatchThread.java:242)
2013-11-12 12:58:20,298 ERROR [AWT-EventQueue-0] - System.err - at java.awt.EventDispatchThread.pumpEventsForFilter(EventDispatchThread.java:161)
2013-11-12 12:58:20,298 ERROR [AWT-EventQueue-0] - System.err - at java.awt.EventDispatchThread.pumpEventsForHierarchy(EventDispatchThread.java:150)
2013-11-12 12:58:20,298 ERROR [AWT-EventQueue-0] - System.err - at java.awt.EventDispatchThread.pumpEvents(EventDispatchThread.java:146)
2013-11-12 12:58:20,298 ERROR [AWT-EventQueue-0] - System.err - at java.awt.EventDispatchThread.pumpEvents(EventDispatchThread.java:138)
2013-11-12 12:58:20,299 ERROR [AWT-EventQueue-0] - System.err - at java.awt.EventDispatchThread.run(EventDispatchThread.java:91)
